ARM GAS  C:\Users\no\AppData\Local\Temp\ccgC0ZCL.s 			page 1


   1              		.cpu cortex-m3
   2              		.eabi_attribute 20, 1
   3              		.eabi_attribute 21, 1
   4              		.eabi_attribute 23, 3
   5              		.eabi_attribute 24, 1
   6              		.eabi_attribute 25, 1
   7              		.eabi_attribute 26, 1
   8              		.eabi_attribute 30, 6
   9              		.eabi_attribute 34, 1
  10              		.eabi_attribute 18, 4
  11              		.file	"sys.c"
  12              		.text
  13              	.Ltext0:
  14              		.cfi_sections	.debug_frame
  15              		.section	.text.NVIC_Configuration,"ax",%progbits
  16              		.align	1
  17              		.global	NVIC_Configuration
  18              		.arch armv7-m
  19              		.syntax unified
  20              		.thumb
  21              		.thumb_func
  22              		.fpu softvfp
  24              	NVIC_Configuration:
  25              	.LFB32:
  26              		.file 1 "UserLibaries/bspsrc/sys.c"
   1:UserLibaries/bspsrc/sys.c **** #include "sys.h"
   2:UserLibaries/bspsrc/sys.c **** 
   3:UserLibaries/bspsrc/sys.c **** //////////////////////////////////////////////////////////////////////////////////	 
   4:UserLibaries/bspsrc/sys.c **** 
   5:UserLibaries/bspsrc/sys.c **** //Á≥ªÁªü‰∏≠Êñ≠ÂàÜÁªÑËÆæÁΩÆÂåñ		   
   6:UserLibaries/bspsrc/sys.c **** 
   7:UserLibaries/bspsrc/sys.c **** //********************************************************************************  
   8:UserLibaries/bspsrc/sys.c **** void NVIC_Configuration(void)
   9:UserLibaries/bspsrc/sys.c **** {
  27              		.loc 1 9 1
  28              		.cfi_startproc
  29              		@ args = 0, pretend = 0, frame = 0
  30              		@ frame_needed = 1, uses_anonymous_args = 0
  31 0000 80B5     		push	{r7, lr}
  32              	.LCFI0:
  33              		.cfi_def_cfa_offset 8
  34              		.cfi_offset 7, -8
  35              		.cfi_offset 14, -4
  36 0002 00AF     		add	r7, sp, #0
  37              	.LCFI1:
  38              		.cfi_def_cfa_register 7
  10:UserLibaries/bspsrc/sys.c **** 
  11:UserLibaries/bspsrc/sys.c ****     NVIC_PriorityGroupConfig(NVIC_PriorityGroup_2);	//ËÆæÁΩÆNVIC‰∏≠Êñ≠ÂàÜÁªÑ2:2‰ΩçÊä¢Âç†‰ºòÂÖàÁ∫ßÔº
  39              		.loc 1 11 5
  40 0004 4FF4A060 		mov	r0, #1280
  41 0008 FFF7FEFF 		bl	NVIC_PriorityGroupConfig
  12:UserLibaries/bspsrc/sys.c **** 
  13:UserLibaries/bspsrc/sys.c **** }
  42              		.loc 1 13 1
  43 000c 00BF     		nop
  44 000e 80BD     		pop	{r7, pc}
  45              		.cfi_endproc
ARM GAS  C:\Users\no\AppData\Local\Temp\ccgC0ZCL.s 			page 2


  46              	.LFE32:
  48              		.text
  49              	.Letext0:
  50              		.file 2 "d:\\program files (x86)\\gnu arm embedded toolchain\\9 2020-q2-update\\arm-none-eabi\\inc
  51              		.file 3 "d:\\program files (x86)\\gnu arm embedded toolchain\\9 2020-q2-update\\arm-none-eabi\\inc
  52              		.file 4 "CMSIS/CM3/CoreSupport/core_cm3.h"
  53              		.file 5 "CMSIS/CM3/DeviceSupport/ST/STM32F10x/system_stm32f10x.h"
  54              		.file 6 "d:\\program files (x86)\\gnu arm embedded toolchain\\9 2020-q2-update\\lib\\gcc\\arm-none
  55              		.file 7 "d:\\program files (x86)\\gnu arm embedded toolchain\\9 2020-q2-update\\arm-none-eabi\\inc
  56              		.file 8 "d:\\program files (x86)\\gnu arm embedded toolchain\\9 2020-q2-update\\arm-none-eabi\\inc
  57              		.file 9 "d:\\program files (x86)\\gnu arm embedded toolchain\\9 2020-q2-update\\arm-none-eabi\\inc
ARM GAS  C:\Users\no\AppData\Local\Temp\ccgC0ZCL.s 			page 3


DEFINED SYMBOLS
                            *ABS*:00000000 sys.c
C:\Users\no\AppData\Local\Temp\ccgC0ZCL.s:16     .text.NVIC_Configuration:00000000 $t
C:\Users\no\AppData\Local\Temp\ccgC0ZCL.s:24     .text.NVIC_Configuration:00000000 NVIC_Configuration

UNDEFINED SYMBOLS
NVIC_PriorityGroupConfig
